<?xml version="1.0" encoding="UTF-8"?>
<!-- Generated by org.testng.reporters.JUnitReportReporter -->
<testsuite hostname="LAPTOP-FK7PN1QP" failures="0" tests="2" name="testng.WildAnimals1" time="0.012" errors="0" timestamp="2022-09-27T19:33:17 IST" skipped="0">
  <testcase classname="testng.WildAnimals1" name="lion" time="0.009"/>
  <system-out/>
  <testcase classname="testng.WildAnimals1" name="tiger" time="0.003"/>
  <system-out/>
</testsuite> <!-- testng.WildAnimals1 -->
