<?xml version="1.0" encoding="UTF-8"?>
<!-- Generated by org.testng.reporters.JUnitReportReporter -->
<testsuite hostname="LAPTOP-FK7PN1QP" failures="0" tests="2" name="testng.DomesticAnimals1" time="0.012" errors="0" timestamp="2022-09-28T10:07:19 IST" skipped="0">
  <testcase classname="testng.DomesticAnimals1" name="dog" time="0.009"/>
  <system-out/>
  <testcase classname="testng.DomesticAnimals1" name="cow" time="0.003"/>
  <system-out/>
</testsuite> <!-- testng.DomesticAnimals1 -->
