<?xml version="1.0" encoding="UTF-8"?>
<!-- Generated by org.testng.reporters.JUnitReportReporter -->
<testsuite hostname="LAPTOP-FK7PN1QP" failures="0" tests="2" name="testng.WildAnimals2" time="0.032" errors="0" timestamp="2022-09-27T19:33:17 IST" skipped="0">
  <testcase classname="testng.WildAnimals2" name="hen" time="0.008"/>
  <system-out/>
  <testcase classname="testng.WildAnimals2" name="cat" time="0.024"/>
  <system-out/>
</testsuite> <!-- testng.WildAnimals2 -->
