<?xml version="1.0" encoding="UTF-8"?>
<!-- Generated by org.testng.reporters.JUnitReportReporter -->
<testsuite hostname="LAPTOP-FK7PN1QP" failures="0" tests="2" name="testng.DomesticAnimals2" time="0.015" errors="0" timestamp="2022-09-27T19:33:17 IST" skipped="0">
  <testcase classname="testng.DomesticAnimals2" name="hen" time="0.010"/>
  <system-out/>
  <testcase classname="testng.DomesticAnimals2" name="cat" time="0.005"/>
  <system-out/>
</testsuite> <!-- testng.DomesticAnimals2 -->
