<?xml version="1.0" encoding="UTF-8"?>
<!-- Generated by org.testng.reporters.JUnitReportReporter -->
<testsuite hostname="LAPTOP-FK7PN1QP" failures="0" tests="1" name="practice1.RadioButtonTesting" time="2.494" errors="0" timestamp="2022-11-08T10:06:27 IST" skipped="0">
  <testcase classname="practice1.RadioButtonTesting" name="radioButtonTesting" time="2.494"/>
  <system-out/>
</testsuite> <!-- practice1.RadioButtonTesting -->
