<?xml version="1.0" encoding="UTF-8"?>
<!-- Generated by org.testng.reporters.JUnitReportReporter -->
<testsuite hostname="LAPTOP-FK7PN1QP" failures="0" tests="1" name="Practice.Youtube" time="1.648" errors="0" timestamp="2022-11-14T18:10:59 IST" skipped="0">
  <testcase classname="Practice.Youtube" name="SearchBox" time="1.648"/>
  <system-out/>
</testsuite> <!-- Practice.Youtube -->
