<?xml version="1.0" encoding="UTF-8"?>
<!-- Generated by org.testng.reporters.JUnitReportReporter -->
<testsuite hostname="LAPTOP-FK7PN1QP" failures="0" tests="1" name="com.OrangeHRMTestCases.Application" time="4.769" errors="0" timestamp="2022-11-15T20:30:32 IST" skipped="0">
  <testcase classname="com.OrangeHRMTestCases.Application" name="loginpage" time="4.769"/>
  <system-out/>
</testsuite> <!-- com.OrangeHRMTestCases.Application -->
